d:\developer\opengl root\mygameengine\mygameengine\debug\vc141.pdb
d:\developer\opengl root\mygameengine\mygameengine\debug\vc141.idb
d:\developer\opengl root\mygameengine\mygameengine\debug\stb_image.obj
d:\developer\opengl root\mygameengine\mygameengine\debug\resourcemanager.obj
d:\developer\opengl root\mygameengine\mygameengine\debug\inputmanager.obj
d:\developer\opengl root\mygameengine\mygameengine\debug\frameratecontroller.obj
d:\developer\opengl root\mygameengine\mygameengine\debug\main.obj
d:\developer\opengl root\mygameengine\mygameengine\debug\gameobjectmanager.obj
d:\developer\opengl root\mygameengine\mygameengine\debug\gameobject.obj
d:\developer\opengl root\mygameengine\mygameengine\debug\transform.obj
d:\developer\opengl root\mygameengine\mygameengine\debug\sprite.obj
d:\developer\opengl root\mygameengine\mygameengine\debug\controller.obj
d:\developer\opengl root\mygameengine\mygameengine\debug\component.obj
d:\developer\opengl root\mygameengine\mygameengine\debug\vector2d.obj
d:\developer\opengl root\mygameengine\mygameengine\debug\matrix2d.obj
d:\developer\opengl root\mygameengine\mygameengine\debug\math2d.obj
d:\developer\opengl root\mygameengine\mygameengine\debug\linesegment2d.obj
d:\developer\opengl root\mygameengine\debug\mygameengine.exe
d:\developer\opengl root\mygameengine\debug\mygameengine.ilk
d:\developer\opengl root\mygameengine\debug\mygameengine.pdb
d:\developer\opengl root\mygameengine\mygameengine\debug\mygameengine.tlog\cl.command.1.tlog
d:\developer\opengl root\mygameengine\mygameengine\debug\mygameengine.tlog\cl.read.1.tlog
d:\developer\opengl root\mygameengine\mygameengine\debug\mygameengine.tlog\cl.write.1.tlog
d:\developer\opengl root\mygameengine\mygameengine\debug\mygameengine.tlog\link.command.1.tlog
d:\developer\opengl root\mygameengine\mygameengine\debug\mygameengine.tlog\link.read.1.tlog
d:\developer\opengl root\mygameengine\mygameengine\debug\mygameengine.tlog\link.write.1.tlog
